app/build/intermediates/manifest_merge_blame_file/release/manifest-merger-blame-release-report.txt
1<?xml version="1.0" encoding="utf-8"?>
2<manifest xmlns:android="http://schemas.android.com/apk/res/android"
3    package="com.qrme.app"
4    android:versionCode="1"
5    android:versionName="1.0" >
6
7    <uses-sdk
8        android:minSdkVersion="21"
8-->src/main/AndroidManifest.xml
9        android:targetSdkVersion="30" />
9-->src/main/AndroidManifest.xml
10
11    <uses-permission android:name="android.permission.INTERNET" />
11-->src/main/AndroidManifest.xml:5:5-67
11-->src/main/AndroidManifest.xml:5:22-64
12    <uses-permission android:name="android.permission.ACCESS_NETWORK_STATE" />
12-->[com.firebaseui:firebase-ui-auth:7.2.0] AndroidManifest.xml:12:5-79
12-->[com.firebaseui:firebase-ui-auth:7.2.0] AndroidManifest.xml:12:22-76
13    <uses-permission android:name="android.permission.WRITE_EXTERNAL_STORAGE" />
13-->[androidmads.library.qrgenearator:QRGenearator:1.0.3] AndroidManifest.xml:11:5-81
13-->[androidmads.library.qrgenearator:QRGenearator:1.0.3] AndroidManifest.xml:11:22-78
14    <uses-permission android:name="android.permission.READ_EXTERNAL_STORAGE" />
15    <uses-permission android:name="android.permission.WAKE_LOCK" />
15-->[com.google.android.gms:play-services-measurement-api:19.0.1] AndroidManifest.xml:24:5-68
15-->[com.google.android.gms:play-services-measurement-api:19.0.1] AndroidManifest.xml:24:22-65
16    <uses-permission android:name="com.google.android.finsky.permission.BIND_GET_INSTALL_REFERRER_SERVICE" />
16-->[com.google.android.gms:play-services-measurement:19.0.1] AndroidManifest.xml:26:5-110
16-->[com.google.android.gms:play-services-measurement:19.0.1] AndroidManifest.xml:26:22-107
17
18    <application
18-->src/main/AndroidManifest.xml:7:5-43:19
19        android:allowBackup="true"
19-->src/main/AndroidManifest.xml:8:9-35
20        android:appComponentFactory="androidx.core.app.CoreComponentFactory"
20-->[androidx.core:core:1.6.0] AndroidManifest.xml:24:18-86
21        android:icon="@mipmap/ic_launcher"
21-->src/main/AndroidManifest.xml:9:9-43
22        android:label="@string/app_name"
22-->src/main/AndroidManifest.xml:10:9-41
23        android:roundIcon="@mipmap/ic_launcher_round"
23-->src/main/AndroidManifest.xml:11:9-54
24        android:supportsRtl="true"
24-->src/main/AndroidManifest.xml:12:9-35
25        android:theme="@style/Theme.QRme" >
25-->src/main/AndroidManifest.xml:13:9-42
26        <activity
26-->src/main/AndroidManifest.xml:14:9-24:20
27            android:name="com.berisco.qrme.Activity_Splash"
27-->src/main/AndroidManifest.xml:14:19-50
28            android:theme="@style/SplashTheme" >
28-->src/main/AndroidManifest.xml:15:13-47
29            <intent-filter>
29-->src/main/AndroidManifest.xml:17:13-21:29
30                <action android:name="android.intent.action.MAIN" />
30-->src/main/AndroidManifest.xml:18:17-69
30-->src/main/AndroidManifest.xml:18:25-66
31
32                <category android:name="android.intent.category.LAUNCHER" />
32-->src/main/AndroidManifest.xml:20:17-77
32-->src/main/AndroidManifest.xml:20:27-74
33            </intent-filter>
34        </activity>
35        <activity android:name="com.berisco.qrme.Activity_QR_Code" />
35-->src/main/AndroidManifest.xml:25:9-54
35-->src/main/AndroidManifest.xml:25:19-51
36        <activity android:name="com.berisco.qrme.Activity_Auth_start" >
36-->src/main/AndroidManifest.xml:26:9-32:20
36-->src/main/AndroidManifest.xml:26:19-54
37
38            <!-- <intent-filter> -->
39            <!-- <action android:name="android.intent.action.MAIN" /> -->
40
41
42            <!-- <category android:name="android.intent.category.LAUNCHER" /> -->
43            <!-- </intent-filter> -->
44        </activity>
45        <activity android:name="com.berisco.qrme.Activity_Add_Accounts" />
45-->src/main/AndroidManifest.xml:33:9-59
45-->src/main/AndroidManifest.xml:33:19-56
46        <activity android:name="com.berisco.qrme.MainActivity" >
46-->src/main/AndroidManifest.xml:34:9-42:20
46-->src/main/AndroidManifest.xml:34:19-47
47
48            <!-- <intent-filter> -->
49            <!-- <action android:name="android.intent.action.MAIN" /> -->
50
51
52            <!-- <category android:name="android.intent.category.LAUNCHER" /> -->
53            <!-- </intent-filter> -->
54        </activity>
55
56        <meta-data
56-->[com.firebaseui:firebase-ui-auth:7.2.0] AndroidManifest.xml:16:9-18:69
57            android:name="com.google.android.gms.version"
57-->[com.firebaseui:firebase-ui-auth:7.2.0] AndroidManifest.xml:17:13-58
58            android:value="@integer/google_play_services_version" />
58-->[com.firebaseui:firebase-ui-auth:7.2.0] AndroidManifest.xml:18:13-66
59        <meta-data
59-->[com.firebaseui:firebase-ui-auth:7.2.0] AndroidManifest.xml:19:9-21:63
60            android:name="com.facebook.sdk.ApplicationId"
60-->[com.firebaseui:firebase-ui-auth:7.2.0] AndroidManifest.xml:20:13-58
61            android:value="@string/facebook_application_id" />
61-->[com.firebaseui:firebase-ui-auth:7.2.0] AndroidManifest.xml:21:13-60
62
63        <activity
63-->[com.firebaseui:firebase-ui-auth:7.2.0] AndroidManifest.xml:23:9-27:61
64            android:name="com.firebase.ui.auth.KickoffActivity"
64-->[com.firebaseui:firebase-ui-auth:7.2.0] AndroidManifest.xml:24:13-64
65            android:exported="false"
65-->[com.firebaseui:firebase-ui-auth:7.2.0] AndroidManifest.xml:25:13-37
66            android:label=""
66-->[com.firebaseui:firebase-ui-auth:7.2.0] AndroidManifest.xml:26:13-29
67            android:theme="@style/FirebaseUI.Transparent" />
67-->[com.firebaseui:firebase-ui-auth:7.2.0] AndroidManifest.xml:27:13-58
68        <activity
68-->[com.firebaseui:firebase-ui-auth:7.2.0] AndroidManifest.xml:28:9-32:61
69            android:name="com.firebase.ui.auth.ui.idp.SingleSignInActivity"
69-->[com.firebaseui:firebase-ui-auth:7.2.0] AndroidManifest.xml:29:13-76
70            android:exported="false"
70-->[com.firebaseui:firebase-ui-auth:7.2.0] AndroidManifest.xml:30:13-37
71            android:label=""
71-->[com.firebaseui:firebase-ui-auth:7.2.0] AndroidManifest.xml:31:13-29
72            android:theme="@style/FirebaseUI.Transparent" />
72-->[com.firebaseui:firebase-ui-auth:7.2.0] AndroidManifest.xml:32:13-58
73        <activity
73-->[com.firebaseui:firebase-ui-auth:7.2.0] AndroidManifest.xml:33:9-37:61
74            android:name="com.firebase.ui.auth.ui.credentials.CredentialSaveActivity"
74-->[com.firebaseui:firebase-ui-auth:7.2.0] AndroidManifest.xml:34:13-86
75            android:exported="false"
75-->[com.firebaseui:firebase-ui-auth:7.2.0] AndroidManifest.xml:35:13-37
76            android:label=""
76-->[com.firebaseui:firebase-ui-auth:7.2.0] AndroidManifest.xml:36:13-29
77            android:theme="@style/FirebaseUI.Transparent" />
77-->[com.firebaseui:firebase-ui-auth:7.2.0] AndroidManifest.xml:37:13-58
78        <activity
78-->[com.firebaseui:firebase-ui-auth:7.2.0] AndroidManifest.xml:38:9-42:58
79            android:name="com.firebase.ui.auth.ui.email.RecoverPasswordActivity"
79-->[com.firebaseui:firebase-ui-auth:7.2.0] AndroidManifest.xml:39:13-81
80            android:exported="false"
80-->[com.firebaseui:firebase-ui-auth:7.2.0] AndroidManifest.xml:40:13-37
81            android:label="@string/fui_title_recover_password_activity"
81-->[com.firebaseui:firebase-ui-auth:7.2.0] AndroidManifest.xml:41:13-72
82            android:windowSoftInputMode="adjustResize" />
82-->[com.firebaseui:firebase-ui-auth:7.2.0] AndroidManifest.xml:42:13-55
83        <activity
83-->[com.firebaseui:firebase-ui-auth:7.2.0] AndroidManifest.xml:43:9-47:58
84            android:name="com.firebase.ui.auth.ui.email.EmailActivity"
84-->[com.firebaseui:firebase-ui-auth:7.2.0] AndroidManifest.xml:44:13-71
85            android:exported="false"
85-->[com.firebaseui:firebase-ui-auth:7.2.0] AndroidManifest.xml:45:13-37
86            android:label="@string/fui_sign_in_default"
86-->[com.firebaseui:firebase-ui-auth:7.2.0] AndroidManifest.xml:46:13-56
87            android:windowSoftInputMode="adjustResize" />
87-->[com.firebaseui:firebase-ui-auth:7.2.0] AndroidManifest.xml:47:13-55
88        <activity
88-->[com.firebaseui:firebase-ui-auth:7.2.0] AndroidManifest.xml:48:9-52:77
89            android:name="com.firebase.ui.auth.ui.phone.PhoneActivity"
89-->[com.firebaseui:firebase-ui-auth:7.2.0] AndroidManifest.xml:49:13-71
90            android:exported="false"
90-->[com.firebaseui:firebase-ui-auth:7.2.0] AndroidManifest.xml:50:13-37
91            android:label="@string/fui_sign_in_with_phone_number"
91-->[com.firebaseui:firebase-ui-auth:7.2.0] AndroidManifest.xml:51:13-66
92            android:windowSoftInputMode="adjustResize|stateAlwaysVisible" />
92-->[com.firebaseui:firebase-ui-auth:7.2.0] AndroidManifest.xml:52:13-74
93        <activity
93-->[com.firebaseui:firebase-ui-auth:7.2.0] AndroidManifest.xml:53:9-57:58
94            android:name="com.firebase.ui.auth.ui.idp.WelcomeBackIdpPrompt"
94-->[com.firebaseui:firebase-ui-auth:7.2.0] AndroidManifest.xml:54:13-76
95            android:exported="false"
95-->[com.firebaseui:firebase-ui-auth:7.2.0] AndroidManifest.xml:55:13-37
96            android:label="@string/fui_title_welcome_back_idp_prompt"
96-->[com.firebaseui:firebase-ui-auth:7.2.0] AndroidManifest.xml:56:13-70
97            android:windowSoftInputMode="adjustResize" />
97-->[com.firebaseui:firebase-ui-auth:7.2.0] AndroidManifest.xml:57:13-55
98        <activity
98-->[com.firebaseui:firebase-ui-auth:7.2.0] AndroidManifest.xml:58:9-62:58
99            android:name="com.firebase.ui.auth.ui.email.WelcomeBackPasswordPrompt"
99-->[com.firebaseui:firebase-ui-auth:7.2.0] AndroidManifest.xml:59:13-83
100            android:exported="false"
100-->[com.firebaseui:firebase-ui-auth:7.2.0] AndroidManifest.xml:60:13-37
101            android:label="@string/fui_title_welcome_back_password_prompt"
101-->[com.firebaseui:firebase-ui-auth:7.2.0] AndroidManifest.xml:61:13-75
102            android:windowSoftInputMode="adjustResize" />
102-->[com.firebaseui:firebase-ui-auth:7.2.0] AndroidManifest.xml:62:13-55
103        <activity
103-->[com.firebaseui:firebase-ui-auth:7.2.0] AndroidManifest.xml:63:9-67:58
104            android:name="com.firebase.ui.auth.ui.email.WelcomeBackEmailLinkPrompt"
104-->[com.firebaseui:firebase-ui-auth:7.2.0] AndroidManifest.xml:64:13-84
105            android:exported="false"
105-->[com.firebaseui:firebase-ui-auth:7.2.0] AndroidManifest.xml:65:13-37
106            android:label="@string/fui_title_welcome_back_password_prompt"
106-->[com.firebaseui:firebase-ui-auth:7.2.0] AndroidManifest.xml:66:13-75
107            android:windowSoftInputMode="adjustResize" />
107-->[com.firebaseui:firebase-ui-auth:7.2.0] AndroidManifest.xml:67:13-55
108        <activity
108-->[com.firebaseui:firebase-ui-auth:7.2.0] AndroidManifest.xml:68:9-73:58
109            android:name="com.firebase.ui.auth.ui.email.EmailLinkCatcherActivity"
109-->[com.firebaseui:firebase-ui-auth:7.2.0] AndroidManifest.xml:69:13-82
110            android:exported="false"
110-->[com.firebaseui:firebase-ui-auth:7.2.0] AndroidManifest.xml:70:13-37
111            android:label=""
111-->[com.firebaseui:firebase-ui-auth:7.2.0] AndroidManifest.xml:71:13-29
112            android:theme="@style/FirebaseUI.Transparent"
112-->[com.firebaseui:firebase-ui-auth:7.2.0] AndroidManifest.xml:72:13-58
113            android:windowSoftInputMode="adjustResize" />
113-->[com.firebaseui:firebase-ui-auth:7.2.0] AndroidManifest.xml:73:13-55
114        <activity
114-->[com.firebaseui:firebase-ui-auth:7.2.0] AndroidManifest.xml:74:9-78:58
115            android:name="com.firebase.ui.auth.ui.email.EmailLinkErrorRecoveryActivity"
115-->[com.firebaseui:firebase-ui-auth:7.2.0] AndroidManifest.xml:75:13-88
116            android:exported="false"
116-->[com.firebaseui:firebase-ui-auth:7.2.0] AndroidManifest.xml:76:13-37
117            android:label="@string/fui_sign_in_default"
117-->[com.firebaseui:firebase-ui-auth:7.2.0] AndroidManifest.xml:77:13-56
118            android:windowSoftInputMode="adjustResize" />
118-->[com.firebaseui:firebase-ui-auth:7.2.0] AndroidManifest.xml:78:13-55
119        <activity
119-->[com.firebaseui:firebase-ui-auth:7.2.0] AndroidManifest.xml:79:9-82:65
120            android:name="com.firebase.ui.auth.ui.idp.AuthMethodPickerActivity"
120-->[com.firebaseui:firebase-ui-auth:7.2.0] AndroidManifest.xml:80:13-80
121            android:exported="false"
121-->[com.firebaseui:firebase-ui-auth:7.2.0] AndroidManifest.xml:81:13-37
122            android:label="@string/fui_default_toolbar_title" />
122-->[com.firebaseui:firebase-ui-auth:7.2.0] AndroidManifest.xml:82:13-62
123        <activity
123-->[com.firebaseui:firebase-ui-auth:7.2.0] AndroidManifest.xml:83:9-87:48
124            android:name="com.facebook.FacebookActivity"
124-->[com.firebaseui:firebase-ui-auth:7.2.0] AndroidManifest.xml:84:13-57
125            android:configChanges="keyboard|keyboardHidden|screenLayout|screenSize|orientation"
125-->[com.firebaseui:firebase-ui-auth:7.2.0] AndroidManifest.xml:85:13-96
126            android:label="@string/app_name"
126-->[com.firebaseui:firebase-ui-auth:7.2.0] AndroidManifest.xml:86:13-45
127            android:theme="@style/com_facebook_activity_theme" />
127-->[com.facebook.android:facebook-common:8.2.0] AndroidManifest.xml:33:13-63
128        <activity
128-->[com.firebaseui:firebase-ui-auth:7.2.0] AndroidManifest.xml:88:9-100:20
129            android:name="com.facebook.CustomTabActivity"
129-->[com.firebaseui:firebase-ui-auth:7.2.0] AndroidManifest.xml:89:13-58
130            android:exported="true" >
130-->[com.firebaseui:firebase-ui-auth:7.2.0] AndroidManifest.xml:90:13-36
131            <intent-filter>
131-->[com.firebaseui:firebase-ui-auth:7.2.0] AndroidManifest.xml:92:13-99:29
132                <action android:name="android.intent.action.VIEW" />
132-->[com.firebaseui:firebase-ui-auth:7.2.0] AndroidManifest.xml:93:17-69
132-->[com.firebaseui:firebase-ui-auth:7.2.0] AndroidManifest.xml:93:25-66
133
134                <category android:name="android.intent.category.DEFAULT" />
134-->[com.firebaseui:firebase-ui-auth:7.2.0] AndroidManifest.xml:95:17-76
134-->[com.firebaseui:firebase-ui-auth:7.2.0] AndroidManifest.xml:95:27-73
135                <category android:name="android.intent.category.BROWSABLE" />
135-->[com.firebaseui:firebase-ui-auth:7.2.0] AndroidManifest.xml:96:17-78
135-->[com.firebaseui:firebase-ui-auth:7.2.0] AndroidManifest.xml:96:27-75
136
137                <data android:scheme="@string/facebook_login_protocol_scheme" />
137-->[com.firebaseui:firebase-ui-auth:7.2.0] AndroidManifest.xml:98:17-81
137-->[com.firebaseui:firebase-ui-auth:7.2.0] AndroidManifest.xml:98:23-78
138            </intent-filter>
139            <intent-filter>
139-->[com.facebook.android:facebook-common:8.2.0] AndroidManifest.xml:39:13-48:29
140                <action android:name="android.intent.action.VIEW" />
140-->[com.firebaseui:firebase-ui-auth:7.2.0] AndroidManifest.xml:93:17-69
140-->[com.firebaseui:firebase-ui-auth:7.2.0] AndroidManifest.xml:93:25-66
141
142                <category android:name="android.intent.category.DEFAULT" />
142-->[com.firebaseui:firebase-ui-auth:7.2.0] AndroidManifest.xml:95:17-76
142-->[com.firebaseui:firebase-ui-auth:7.2.0] AndroidManifest.xml:95:27-73
143                <category android:name="android.intent.category.BROWSABLE" />
143-->[com.firebaseui:firebase-ui-auth:7.2.0] AndroidManifest.xml:96:17-78
143-->[com.firebaseui:firebase-ui-auth:7.2.0] AndroidManifest.xml:96:27-75
144
145                <data
145-->[com.firebaseui:firebase-ui-auth:7.2.0] AndroidManifest.xml:98:17-81
146                    android:host="cct.com.qrme.app"
147                    android:scheme="fbconnect" />
147-->[com.firebaseui:firebase-ui-auth:7.2.0] AndroidManifest.xml:98:23-78
148            </intent-filter>
149        </activity>
150
151        <provider
151-->[com.firebaseui:firebase-ui-auth:7.2.0] AndroidManifest.xml:102:9-106:38
152            android:name="com.firebase.ui.auth.data.client.AuthUiInitProvider"
152-->[com.firebaseui:firebase-ui-auth:7.2.0] AndroidManifest.xml:103:13-79
153            android:authorities="com.qrme.app.authuiinitprovider"
153-->[com.firebaseui:firebase-ui-auth:7.2.0] AndroidManifest.xml:104:13-70
154            android:exported="false"
154-->[com.firebaseui:firebase-ui-auth:7.2.0] AndroidManifest.xml:105:13-37
155            android:initOrder="90" />
155-->[com.firebaseui:firebase-ui-auth:7.2.0] AndroidManifest.xml:106:13-35
156
157        <service
157-->[com.google.firebase:firebase-analytics-ktx:19.0.1] AndroidManifest.xml:8:9-14:19
158            android:name="com.google.firebase.components.ComponentDiscoveryService"
158-->[com.google.firebase:firebase-analytics-ktx:19.0.1] AndroidManifest.xml:9:13-84
159            android:directBootAware="true"
159-->[com.google.firebase:firebase-common:20.0.0] AndroidManifest.xml:35:13-43
160            android:exported="false" >
160-->[com.google.firebase:firebase-analytics-ktx:19.0.1] AndroidManifest.xml:10:13-37
161            <meta-data
161-->[com.google.firebase:firebase-analytics-ktx:19.0.1] AndroidManifest.xml:11:13-13:85
162                android:name="com.google.firebase.components:com.google.firebase.analytics.ktx.FirebaseAnalyticsKtxRegistrar"
162-->[com.google.firebase:firebase-analytics-ktx:19.0.1] AndroidManifest.xml:12:17-126
163                android:value="com.google.firebase.components.ComponentRegistrar" />
163-->[com.google.firebase:firebase-analytics-ktx:19.0.1] AndroidManifest.xml:13:17-82
164            <meta-data
164-->[com.google.firebase:firebase-database-ktx:20.0.2] AndroidManifest.xml:15:13-17:85
165                android:name="com.google.firebase.components:com.google.firebase.database.ktx.FirebaseDatabaseKtxRegistrar"
165-->[com.google.firebase:firebase-database-ktx:20.0.2] AndroidManifest.xml:16:17-124
166                android:value="com.google.firebase.components.ComponentRegistrar" />
166-->[com.google.firebase:firebase-database-ktx:20.0.2] AndroidManifest.xml:17:17-82
167            <meta-data
167-->[com.google.firebase:firebase-common-ktx:20.0.0] AndroidManifest.xml:15:13-17:85
168                android:name="com.google.firebase.components:com.google.firebase.ktx.FirebaseCommonKtxRegistrar"
168-->[com.google.firebase:firebase-common-ktx:20.0.0] AndroidManifest.xml:16:17-113
169                android:value="com.google.firebase.components.ComponentRegistrar" />
169-->[com.google.firebase:firebase-common-ktx:20.0.0] AndroidManifest.xml:17:17-82
170            <meta-data
170-->[com.google.firebase:firebase-auth:21.0.1] AndroidManifest.xml:77:13-79:85
171                android:name="com.google.firebase.components:com.google.firebase.auth.FirebaseAuthRegistrar"
171-->[com.google.firebase:firebase-auth:21.0.1] AndroidManifest.xml:78:17-109
172                android:value="com.google.firebase.components.ComponentRegistrar" />
172-->[com.google.firebase:firebase-auth:21.0.1] AndroidManifest.xml:79:17-82
173            <meta-data
173-->[com.google.firebase:firebase-database:20.0.2] AndroidManifest.xml:32:13-34:85
174                android:name="com.google.firebase.components:com.google.firebase.database.DatabaseRegistrar"
174-->[com.google.firebase:firebase-database:20.0.2] AndroidManifest.xml:33:17-109
175                android:value="com.google.firebase.components.ComponentRegistrar" />
175-->[com.google.firebase:firebase-database:20.0.2] AndroidManifest.xml:34:17-82
176            <meta-data
176-->[com.google.android.gms:play-services-measurement-api:19.0.1] AndroidManifest.xml:30:13-32:85
177                android:name="com.google.firebase.components:com.google.firebase.analytics.connector.internal.AnalyticsConnectorRegistrar"
177-->[com.google.android.gms:play-services-measurement-api:19.0.1] AndroidManifest.xml:31:17-139
178                android:value="com.google.firebase.components.ComponentRegistrar" />
178-->[com.google.android.gms:play-services-measurement-api:19.0.1] AndroidManifest.xml:32:17-82
179            <meta-data
179-->[com.google.firebase:firebase-installations:17.0.0] AndroidManifest.xml:18:13-20:85
180                android:name="com.google.firebase.components:com.google.firebase.installations.FirebaseInstallationsRegistrar"
180-->[com.google.firebase:firebase-installations:17.0.0] AndroidManifest.xml:19:17-127
181                android:value="com.google.firebase.components.ComponentRegistrar" />
181-->[com.google.firebase:firebase-installations:17.0.0] AndroidManifest.xml:20:17-82
182        </service>
183
184        <activity android:name="com.facebook.CustomTabMainActivity" />
184-->[com.facebook.android:facebook-common:8.2.0] AndroidManifest.xml:34:9-71
184-->[com.facebook.android:facebook-common:8.2.0] AndroidManifest.xml:34:19-68
185        <activity
185-->[com.google.firebase:firebase-auth:21.0.1] AndroidManifest.xml:27:9-44:20
186            android:name="com.google.firebase.auth.internal.GenericIdpActivity"
186-->[com.google.firebase:firebase-auth:21.0.1] AndroidManifest.xml:28:13-80
187            android:excludeFromRecents="true"
187-->[com.google.firebase:firebase-auth:21.0.1] AndroidManifest.xml:29:13-46
188            android:exported="true"
188-->[com.google.firebase:firebase-auth:21.0.1] AndroidManifest.xml:30:13-36
189            android:launchMode="singleTask"
189-->[com.google.firebase:firebase-auth:21.0.1] AndroidManifest.xml:31:13-44
190            android:theme="@android:style/Theme.Translucent.NoTitleBar" >
190-->[com.google.firebase:firebase-auth:21.0.1] AndroidManifest.xml:32:13-72
191            <intent-filter>
191-->[com.google.firebase:firebase-auth:21.0.1] AndroidManifest.xml:33:13-43:29
192                <action android:name="android.intent.action.VIEW" />
192-->[com.firebaseui:firebase-ui-auth:7.2.0] AndroidManifest.xml:93:17-69
192-->[com.firebaseui:firebase-ui-auth:7.2.0] AndroidManifest.xml:93:25-66
193
194                <category android:name="android.intent.category.DEFAULT" />
194-->[com.firebaseui:firebase-ui-auth:7.2.0] AndroidManifest.xml:95:17-76
194-->[com.firebaseui:firebase-ui-auth:7.2.0] AndroidManifest.xml:95:27-73
195                <category android:name="android.intent.category.BROWSABLE" />
195-->[com.firebaseui:firebase-ui-auth:7.2.0] AndroidManifest.xml:96:17-78
195-->[com.firebaseui:firebase-ui-auth:7.2.0] AndroidManifest.xml:96:27-75
196
197                <data
197-->[com.firebaseui:firebase-ui-auth:7.2.0] AndroidManifest.xml:98:17-81
198                    android:host="firebase.auth"
199                    android:path="/"
200                    android:scheme="genericidp" />
200-->[com.firebaseui:firebase-ui-auth:7.2.0] AndroidManifest.xml:98:23-78
201            </intent-filter>
202        </activity>
203        <activity
203-->[com.google.firebase:firebase-auth:21.0.1] AndroidManifest.xml:45:9-62:20
204            android:name="com.google.firebase.auth.internal.RecaptchaActivity"
204-->[com.google.firebase:firebase-auth:21.0.1] AndroidManifest.xml:46:13-79
205            android:excludeFromRecents="true"
205-->[com.google.firebase:firebase-auth:21.0.1] AndroidManifest.xml:47:13-46
206            android:exported="true"
206-->[com.google.firebase:firebase-auth:21.0.1] AndroidManifest.xml:48:13-36
207            android:launchMode="singleTask"
207-->[com.google.firebase:firebase-auth:21.0.1] AndroidManifest.xml:49:13-44
208            android:theme="@android:style/Theme.Translucent.NoTitleBar" >
208-->[com.google.firebase:firebase-auth:21.0.1] AndroidManifest.xml:50:13-72
209            <intent-filter>
209-->[com.google.firebase:firebase-auth:21.0.1] AndroidManifest.xml:51:13-61:29
210                <action android:name="android.intent.action.VIEW" />
210-->[com.firebaseui:firebase-ui-auth:7.2.0] AndroidManifest.xml:93:17-69
210-->[com.firebaseui:firebase-ui-auth:7.2.0] AndroidManifest.xml:93:25-66
211
212                <category android:name="android.intent.category.DEFAULT" />
212-->[com.firebaseui:firebase-ui-auth:7.2.0] AndroidManifest.xml:95:17-76
212-->[com.firebaseui:firebase-ui-auth:7.2.0] AndroidManifest.xml:95:27-73
213                <category android:name="android.intent.category.BROWSABLE" />
213-->[com.firebaseui:firebase-ui-auth:7.2.0] AndroidManifest.xml:96:17-78
213-->[com.firebaseui:firebase-ui-auth:7.2.0] AndroidManifest.xml:96:27-75
214
215                <data
215-->[com.firebaseui:firebase-ui-auth:7.2.0] AndroidManifest.xml:98:17-81
216                    android:host="firebase.auth"
217                    android:path="/"
218                    android:scheme="recaptcha" />
218-->[com.firebaseui:firebase-ui-auth:7.2.0] AndroidManifest.xml:98:23-78
219            </intent-filter>
220        </activity>
221
222        <service
222-->[com.google.firebase:firebase-auth:21.0.1] AndroidManifest.xml:64:9-73:19
223            android:name="com.google.firebase.auth.api.fallback.service.FirebaseAuthFallbackService"
223-->[com.google.firebase:firebase-auth:21.0.1] AndroidManifest.xml:65:13-101
224            android:enabled="true"
224-->[com.google.firebase:firebase-auth:21.0.1] AndroidManifest.xml:66:13-35
225            android:exported="false" >
225-->[com.google.firebase:firebase-auth:21.0.1] AndroidManifest.xml:67:13-37
226            <intent-filter>
226-->[com.google.firebase:firebase-auth:21.0.1] AndroidManifest.xml:68:13-72:29
227                <action android:name="com.google.firebase.auth.api.gms.service.START" />
227-->[com.google.firebase:firebase-auth:21.0.1] AndroidManifest.xml:69:17-89
227-->[com.google.firebase:firebase-auth:21.0.1] AndroidManifest.xml:69:25-86
228
229                <category android:name="android.intent.category.DEFAULT" />
229-->[com.firebaseui:firebase-ui-auth:7.2.0] AndroidManifest.xml:95:17-76
229-->[com.firebaseui:firebase-ui-auth:7.2.0] AndroidManifest.xml:95:27-73
230            </intent-filter>
231        </service>
232
233        <provider
233-->[com.google.firebase:firebase-common:20.0.0] AndroidManifest.xml:26:9-31:39
234            android:name="com.google.firebase.provider.FirebaseInitProvider"
234-->[com.google.firebase:firebase-common:20.0.0] AndroidManifest.xml:27:13-77
235            android:authorities="com.qrme.app.firebaseinitprovider"
235-->[com.google.firebase:firebase-common:20.0.0] AndroidManifest.xml:28:13-72
236            android:directBootAware="true"
236-->[com.google.firebase:firebase-common:20.0.0] AndroidManifest.xml:29:13-43
237            android:exported="false"
237-->[com.google.firebase:firebase-common:20.0.0] AndroidManifest.xml:30:13-37
238            android:initOrder="100" />
238-->[com.google.firebase:firebase-common:20.0.0] AndroidManifest.xml:31:13-36
239
240        <activity
240-->[com.google.android.gms:play-services-auth:19.0.0] AndroidManifest.xml:23:9-27:75
241            android:name="com.google.android.gms.auth.api.signin.internal.SignInHubActivity"
241-->[com.google.android.gms:play-services-auth:19.0.0] AndroidManifest.xml:24:13-93
242            android:excludeFromRecents="true"
242-->[com.google.android.gms:play-services-auth:19.0.0] AndroidManifest.xml:25:13-46
243            android:exported="false"
243-->[com.google.android.gms:play-services-auth:19.0.0] AndroidManifest.xml:26:13-37
244            android:theme="@android:style/Theme.Translucent.NoTitleBar" />
244-->[com.google.android.gms:play-services-auth:19.0.0] AndroidManifest.xml:27:13-72
245        <!--
246            Service handling Google Sign-In user revocation. For apps that do not integrate with
247            Google Sign-In, this service will never be started.
248        -->
249        <service
249-->[com.google.android.gms:play-services-auth:19.0.0] AndroidManifest.xml:33:9-37:51
250            android:name="com.google.android.gms.auth.api.signin.RevocationBoundService"
250-->[com.google.android.gms:play-services-auth:19.0.0] AndroidManifest.xml:34:13-89
251            android:exported="true"
251-->[com.google.android.gms:play-services-auth:19.0.0] AndroidManifest.xml:35:13-36
252            android:permission="com.google.android.gms.auth.api.signin.permission.REVOCATION_NOTIFICATION"
252-->[com.google.android.gms:play-services-auth:19.0.0] AndroidManifest.xml:36:13-107
253            android:visibleToInstantApps="true" />
253-->[com.google.android.gms:play-services-auth:19.0.0] AndroidManifest.xml:37:13-48
254
255        <activity
255-->[com.google.android.gms:play-services-base:17.1.0] AndroidManifest.xml:23:9-26:75
256            android:name="com.google.android.gms.common.api.GoogleApiActivity"
256-->[com.google.android.gms:play-services-base:17.1.0] AndroidManifest.xml:24:13-79
257            android:exported="false"
257-->[com.google.android.gms:play-services-base:17.1.0] AndroidManifest.xml:25:13-37
258            android:theme="@android:style/Theme.Translucent.NoTitleBar" />
258-->[com.google.android.gms:play-services-base:17.1.0] AndroidManifest.xml:26:13-72
259
260        <receiver
260-->[com.google.android.gms:play-services-measurement:19.0.1] AndroidManifest.xml:29:9-33:20
261            android:name="com.google.android.gms.measurement.AppMeasurementReceiver"
261-->[com.google.android.gms:play-services-measurement:19.0.1] AndroidManifest.xml:30:13-85
262            android:enabled="true"
262-->[com.google.android.gms:play-services-measurement:19.0.1] AndroidManifest.xml:31:13-35
263            android:exported="false" >
263-->[com.google.android.gms:play-services-measurement:19.0.1] AndroidManifest.xml:32:13-37
264        </receiver>
265
266        <service
266-->[com.google.android.gms:play-services-measurement:19.0.1] AndroidManifest.xml:35:9-38:40
267            android:name="com.google.android.gms.measurement.AppMeasurementService"
267-->[com.google.android.gms:play-services-measurement:19.0.1] AndroidManifest.xml:36:13-84
268            android:enabled="true"
268-->[com.google.android.gms:play-services-measurement:19.0.1] AndroidManifest.xml:37:13-35
269            android:exported="false" />